info: Request: GET /localhost:3333/restaurants 

info: Response: 404 Not Found 

info: ---------------------------------------------------- 

info: Request: GET /restaurants 

info: Request: GET / 

info: Response: 500 Internal Server Error 

info: ---------------------------------------------------- 

info: Response: 500 Internal Server Error 

info: ---------------------------------------------------- 

info: Request: GET /restaurants 

info: Request: GET / 

info: Response: 500 Internal Server Error 

info: ---------------------------------------------------- 

info: Response: 500 Internal Server Error 

info: ---------------------------------------------------- 

info: Request: GET /restaurants 

info: Request: GET / 

info: Response: 500 Internal Server Error 

info: ---------------------------------------------------- 

info: Response: 500 Internal Server Error 

info: ---------------------------------------------------- 

info: Request: GET /restaurants 

info: Request: GET / 

info: Response: 500 Internal Server Error 

info: ---------------------------------------------------- 

info: Response: 500 Internal Server Error 

info: ---------------------------------------------------- 

info: Request: GET /restaurants 

info: Request: GET / 

info: Response: 500 Internal Server Error 

info: ---------------------------------------------------- 

info: Response: 500 Internal Server Error 

info: ---------------------------------------------------- 

info: Request: GET /restaurants 

info: Request: GET / 

info: Response: 500 Internal Server Error 

info: ---------------------------------------------------- 

info: Response: 500 Internal Server Error 

info: ---------------------------------------------------- 

info: Request: GET /restaurants 

info: Request: GET / 

info: Response: 200 OK 

info: ---------------------------------------------------- 

info: Response: 200 OK 

info: ---------------------------------------------------- 

info: Request: GET /restaurants 

info: Request: GET / 

info: Response: 200 OK 

info: ---------------------------------------------------- 

info: Response: 200 OK 

info: ---------------------------------------------------- 

info: Request: POST /restaurants 

info: Request: POST / 

info: Response: 200 OK 

info: ---------------------------------------------------- 

info: Response: 200 OK 

info: ---------------------------------------------------- 

info: Request: POST /restaurants 

info: Request: POST / 

info: Response: 200 OK 

info: ---------------------------------------------------- 

info: Response: 200 OK 

info: ---------------------------------------------------- 

info: Request: POST /restaurants 

info: Request: POST / 

info: Response: 200 OK 

info: ---------------------------------------------------- 

info: Response: 200 OK 

info: ---------------------------------------------------- 

info: Request: GET /restaurants/5 

info: Request: GET /5 

info: Response: 200 OK 

info: ---------------------------------------------------- 

info: Response: 200 OK 

info: ---------------------------------------------------- 

info: Request: GET /restaurants/9 

info: Request: GET /9 

info: Response: 200 OK 

info: ---------------------------------------------------- 

info: Response: 200 OK 

info: ---------------------------------------------------- 

info: Request: GET /restaurants/5 

info: Request: GET /5 

info: Response: 200 OK 

info: ---------------------------------------------------- 

info: Response: 200 OK 

info: ---------------------------------------------------- 

info: Request: GET /restaurants/5 

info: Request: GET /5 

info: Response: 200 OK 

info: ---------------------------------------------------- 

info: Response: 200 OK 

info: ---------------------------------------------------- 

info: Request: GET /restaurants/5 

info: Request: GET /5 

info: Response: 200 OK 

info: ---------------------------------------------------- 

info: Response: 200 OK 

info: ---------------------------------------------------- 

info: Request: GET /restaurants/5 

info: Request: GET /5 

info: Response: 500 Internal Server Error 

info: ---------------------------------------------------- 

info: Response: 500 Internal Server Error 

info: ---------------------------------------------------- 

info: Request: GET /restaurants/5 

info: Request: GET /5 

info: Response: 500 Internal Server Error 

info: ---------------------------------------------------- 

info: Response: 500 Internal Server Error 

info: ---------------------------------------------------- 

info: Request: GET /restaurants/5 

info: Request: GET /5 

info: Response: 200 OK 

info: ---------------------------------------------------- 

info: Response: 200 OK 

info: ---------------------------------------------------- 

info: Request: GET /restaurants/5 

info: Request: GET /5 

info: Response: 200 OK 

info: ---------------------------------------------------- 

info: Response: 200 OK 

info: ---------------------------------------------------- 

info: Request: GET /restaurants/5 

info: Request: GET /5 

info: Response: 200 OK 

info: ---------------------------------------------------- 

info: Response: 200 OK 

info: ---------------------------------------------------- 

info: Request: GET /restaurants/5 

info: Request: GET /5 

info: Response: 200 OK 

info: ---------------------------------------------------- 

info: Response: 200 OK 

info: ---------------------------------------------------- 

info: Request: GET /restaurants/5 

info: Request: GET /5 

info: Response: 500 Internal Server Error 

info: ---------------------------------------------------- 

info: Response: 500 Internal Server Error 

info: ---------------------------------------------------- 

info: Request: GET /restaurants/5 

info: Request: GET /5 

info: Response: 500 Internal Server Error 

info: ---------------------------------------------------- 

info: Response: 500 Internal Server Error 

info: ---------------------------------------------------- 

info: Request: GET /restaurants/5 

info: Request: GET /5 

info: Response: 500 Internal Server Error 

info: ---------------------------------------------------- 

info: Response: 500 Internal Server Error 

info: ---------------------------------------------------- 

info: Request: GET /restaurants/5 

info: Request: GET /5 

info: Response: 500 Internal Server Error 

info: ---------------------------------------------------- 

info: Response: 500 Internal Server Error 

info: ---------------------------------------------------- 

info: Request: GET /restaurants/5 

info: Request: GET /5 

info: Response: 500 Internal Server Error 

info: ---------------------------------------------------- 

info: Response: 500 Internal Server Error 

info: ---------------------------------------------------- 

info: Request: GET /restaurants/5 

info: Request: GET /5 

info: Response: 500 Internal Server Error 

info: ---------------------------------------------------- 

info: Response: 500 Internal Server Error 

info: ---------------------------------------------------- 

info: Request: GET /restaurants/5 

info: Request: GET /5 

info: Response: 500 Internal Server Error 

info: ---------------------------------------------------- 

info: Response: 500 Internal Server Error 

info: ---------------------------------------------------- 

info: Request: GET /restaurants/5 

info: Request: GET /5 

info: Response: 500 Internal Server Error 

info: ---------------------------------------------------- 

info: Response: 500 Internal Server Error 

info: ---------------------------------------------------- 

info: Request: GET /restaurants/5 

info: Request: GET /5 

info: Response: 500 Internal Server Error 

info: ---------------------------------------------------- 

info: Response: 500 Internal Server Error 

info: ---------------------------------------------------- 

info: Request: GET /restaurants/5 

info: Request: GET /5 

info: Response: 404 Not Found 

info: ---------------------------------------------------- 

info: Response: 404 Not Found 

info: ---------------------------------------------------- 

info: Request: GET /restaurants/5 

info: Request: GET /5 

info: Response: 500 Internal Server Error 

info: ---------------------------------------------------- 

info: Response: 500 Internal Server Error 

info: ---------------------------------------------------- 

info: Request: GET /restaurants/5 

info: Request: GET /5 

info: Response: 500 Internal Server Error 

info: ---------------------------------------------------- 

info: Response: 500 Internal Server Error 

info: ---------------------------------------------------- 

info: Request: GET /restaurants/5 

info: Request: GET /5 

info: Response: 500 Internal Server Error 

info: ---------------------------------------------------- 

info: Response: 500 Internal Server Error 

info: ---------------------------------------------------- 

info: Request: GET /restaurants/5 

info: Request: GET /5 

info: Response: 404 Not Found 

info: ---------------------------------------------------- 

info: Response: 404 Not Found 

info: ---------------------------------------------------- 

info: Request: GET /restaurants/6 

info: Request: GET /6 

info: Response: 404 Not Found 

info: ---------------------------------------------------- 

info: Response: 404 Not Found 

info: ---------------------------------------------------- 

info: Request: GET /restaurants/1 

info: Request: GET /1 

info: Response: 404 Not Found 

info: ---------------------------------------------------- 

info: Response: 404 Not Found 

info: ---------------------------------------------------- 

info: Request: GET /restaurants/6 

info: Request: GET /6 

info: Response: 404 Not Found 

info: ---------------------------------------------------- 

info: Response: 404 Not Found 

info: ---------------------------------------------------- 

info: Request: GET /restaurants/6 

info: Request: GET /6 

info: Response: 404 Not Found 

info: ---------------------------------------------------- 

info: Response: 404 Not Found 

info: ---------------------------------------------------- 

info: Request: GET /restaurants/6 

info: Request: GET /6 

info: Response: 404 Not Found 

info: ---------------------------------------------------- 

info: Response: 404 Not Found 

info: ---------------------------------------------------- 

info: Request: GET /restaurants/6 

info: Request: GET /6 

info: Response: 404 Not Found 

info: ---------------------------------------------------- 

info: Response: 404 Not Found 

info: ---------------------------------------------------- 

info: Request: GET /restaurants/5 

info: Request: GET /5 

info: Response: 404 Not Found 

info: ---------------------------------------------------- 

info: Response: 404 Not Found 

info: ---------------------------------------------------- 

info: Request: GET /restaurants/2 

info: Request: GET /2 

info: Response: 404 Not Found 

info: ---------------------------------------------------- 

info: Response: 404 Not Found 

info: ---------------------------------------------------- 

info: Request: GET /restaurants/2 

info: Request: GET /2 

info: Response: 404 Not Found 

info: ---------------------------------------------------- 

info: Response: 404 Not Found 

info: ---------------------------------------------------- 

info: Request: GET /restaurants/5 

info: Request: GET /5 

info: Response: 404 Not Found 

info: ---------------------------------------------------- 

info: Response: 404 Not Found 

info: ---------------------------------------------------- 

info: Request: GET /restaurants/5 

info: Request: GET /5 

info: Response: 404 Not Found 

info: ---------------------------------------------------- 

info: Response: 404 Not Found 

info: ---------------------------------------------------- 

info: Request: GET /restaurants/5 

info: Request: GET /5 

info: Response: 500 Internal Server Error 

info: ---------------------------------------------------- 

info: Response: 500 Internal Server Error 

info: ---------------------------------------------------- 

info: Request: GET /restaurants/5 

info: Request: GET /5 

info: Response: 500 Internal Server Error 

info: ---------------------------------------------------- 

info: Response: 500 Internal Server Error 

info: ---------------------------------------------------- 

info: Request: GET /restaurants/4 

info: Request: GET /4 

info: Response: 500 Internal Server Error 

info: ---------------------------------------------------- 

info: Response: 500 Internal Server Error 

info: ---------------------------------------------------- 

info: Request: GET /restaurants/1 

info: Request: GET /1 

info: Response: 500 Internal Server Error 

info: ---------------------------------------------------- 

info: Response: 500 Internal Server Error 

info: ---------------------------------------------------- 

info: Request: GET /restaurants/6 

info: Request: GET /6 

info: Response: 500 Internal Server Error 

info: ---------------------------------------------------- 

info: Response: 500 Internal Server Error 

info: ---------------------------------------------------- 

info: Request: GET /restaurants/6 

info: Request: GET /6 

info: Response: 500 Internal Server Error 

info: ---------------------------------------------------- 

info: Response: 500 Internal Server Error 

info: ---------------------------------------------------- 

info: Request: GET /restaurants/6 

info: Request: GET /6 

info: Response: 500 Internal Server Error 

info: ---------------------------------------------------- 

info: Response: 500 Internal Server Error 

info: ---------------------------------------------------- 

info: Request: GET /restaurants/6 

info: Request: GET /6 

info: Response: 500 Internal Server Error 

info: ---------------------------------------------------- 

info: Response: 500 Internal Server Error 

info: ---------------------------------------------------- 

info: Request: GET /restaurants/6 

info: Request: GET /restaurants/6 

info: Request: GET /restaurants/6 

info: Request: GET /restaurants 

info: Request: GET / 

info: Response: 500 Internal Server Error 

info: ---------------------------------------------------- 

info: Response: 500 Internal Server Error 

info: ---------------------------------------------------- 

info: Request: GET /restaurants 

info: Request: GET / 

info: Response: 500 Internal Server Error 

info: ---------------------------------------------------- 

info: Response: 500 Internal Server Error 

info: ---------------------------------------------------- 

info: Request: GET /restaurants 

info: Request: GET / 

info: Response: 200 OK 

info: ---------------------------------------------------- 

info: Response: 200 OK 

info: ---------------------------------------------------- 

info: Request: POST /restaurants 

info: Request: POST / 

info: Response: 500 Internal Server Error 

info: ---------------------------------------------------- 

info: Response: 500 Internal Server Error 

info: ---------------------------------------------------- 

info: Request: POST /restaurants 

info: Request: POST / 

info: Response: 200 OK 

info: ---------------------------------------------------- 

info: Response: 200 OK 

info: ---------------------------------------------------- 

info: Request: GET /restaurants/6 

info: Request: GET /6 

info: Response: 404 Not Found 

info: ---------------------------------------------------- 

info: Response: 404 Not Found 

info: ---------------------------------------------------- 

info: Request: GET /restaurants/6 

info: Request: GET /6 

info: Response: 500 Internal Server Error 

info: ---------------------------------------------------- 

info: Response: 500 Internal Server Error 

info: ---------------------------------------------------- 

info: Request: GET /restaurants/6 

info: Request: GET /6 

info: Response: 404 Not Found 

info: ---------------------------------------------------- 

info: Response: 404 Not Found 

info: ---------------------------------------------------- 

info: Request: GET /restaurants/10 

info: Request: GET /10 

info: Response: 404 Not Found 

info: ---------------------------------------------------- 

info: Response: 404 Not Found 

info: ---------------------------------------------------- 

info: Request: GET /restaurants/5 

info: Request: GET /5 

info: Response: 200 OK 

info: ---------------------------------------------------- 

info: Response: 200 OK 

info: ---------------------------------------------------- 

info: Request: GET /restaurants/1 

info: Request: GET /1 

info: Response: 404 Not Found 

info: ---------------------------------------------------- 

info: Response: 404 Not Found 

info: ---------------------------------------------------- 

info: Request: GET /restaurants/3 

info: Request: GET /3 

info: Response: 200 OK 

info: ---------------------------------------------------- 

info: Response: 200 OK 

info: ---------------------------------------------------- 

info: Request: GET /restaurants/5 

info: Request: GET /5 

info: Response: 304 Not Modified 

info: ---------------------------------------------------- 

info: Response: 304 Not Modified 

info: ---------------------------------------------------- 

info: Request: GET /restaurants/10 

info: Request: GET /10 

info: Response: 404 Not Found 

info: ---------------------------------------------------- 

info: Response: 404 Not Found 

info: ---------------------------------------------------- 

info: Request: GET /restaurants/9 

info: Request: GET /9 

info: Response: 200 OK 

info: ---------------------------------------------------- 

info: Response: 200 OK 

info: ---------------------------------------------------- 

info: Request: GET /restaurants/5 

info: Request: GET /5 

info: Response: 200 OK 

info: ---------------------------------------------------- 

info: Response: 200 OK 

info: ---------------------------------------------------- 

info: Request: PUT /restaurants/1 

info: Request: PUT /1 

info: Response: 500 Internal Server Error 

info: ---------------------------------------------------- 

info: Response: 500 Internal Server Error 

info: ---------------------------------------------------- 

info: Request: PUT /restaurants/5 

info: Request: PUT /5 

info: Response: 500 Internal Server Error 

info: ---------------------------------------------------- 

info: Response: 500 Internal Server Error 

info: ---------------------------------------------------- 

info: Request: PUT /restaurants/6 

info: Request: PUT /6 

info: Response: 500 Internal Server Error 

info: ---------------------------------------------------- 

info: Response: 500 Internal Server Error 

info: ---------------------------------------------------- 

info: Request: PUT /restaurants/6 

info: Request: PUT /6 

info: Request: PUT /restaurants/6 

info: Request: PUT /6 

info: Request: PUT /restaurants/6 

info: Response: 400 Bad Request 

info: ---------------------------------------------------- 

info: Request: PUT /restaurants/6 

info: Response: 400 Bad Request 

info: ---------------------------------------------------- 

info: Request: DELETE /restaurants/6 

info: Request: DELETE /6 

info: Response: 200 OK 

info: ---------------------------------------------------- 

info: Response: 200 OK 

info: ---------------------------------------------------- 

info: Request: PUT /restaurants/9 

info: Request: PUT /9 

info: Response: 500 Internal Server Error 

info: ---------------------------------------------------- 

info: Response: 500 Internal Server Error 

info: ---------------------------------------------------- 

info: Request: PUT /restaurants/9 

info: Request: PUT /9 

info: Request: PUT /restaurants/9 

info: Request: PUT /9 

info: Request: PUT /restaurants/9 

info: Request: PUT /9 

info: Response: 500 Internal Server Error 

info: ---------------------------------------------------- 

info: Response: 500 Internal Server Error 

info: ---------------------------------------------------- 

info: Request: PUT /restaurants/9 

info: Request: PUT /9 

info: Response: 500 Internal Server Error 

info: ---------------------------------------------------- 

info: Response: 500 Internal Server Error 

info: ---------------------------------------------------- 

info: Request: PUT /restaurants/9 

info: Request: PUT /9 

info: Response: 401 Unauthorized 

info: ---------------------------------------------------- 

info: Response: 401 Unauthorized 

info: ---------------------------------------------------- 

info: Request: PUT /restaurants/14 

info: Request: PUT /14 

info: Response: 401 Unauthorized 

info: ---------------------------------------------------- 

info: Response: 401 Unauthorized 

info: ---------------------------------------------------- 

info: Request: POST /users/login 

info: Response: 500 Internal Server Error 

info: ---------------------------------------------------- 

info: Request: DELETE /restaurants/9 

info: Request: DELETE /9 

info: Response: 401 Unauthorized 

info: ---------------------------------------------------- 

info: Response: 401 Unauthorized 

info: ---------------------------------------------------- 

